<?xml version="1.0" encoding="UTF-8"?>
<testsuite xmlns:xsi="http://www.w3.org/2001/XMLSchema-instance" xsi:noNamespaceSchemaLocation="https://maven.apache.org/surefire/maven-surefire-plugin/xsd/surefire-test-report.xsd" name="TestSuite" time="24.383" tests="4" errors="0" skipped="0" failures="2">
  <properties>
    <property name="awt.toolkit" value="sun.awt.X11.XToolkit"/>
    <property name="java.specification.version" value="11"/>
    <property name="sun.cpu.isalist" value=""/>
    <property name="sun.jnu.encoding" value="UTF-8"/>
    <property name="java.class.path" value="/workspace/Selenium-Advanced/target/test-classes:/workspace/Selenium-Advanced/target/classes:/workspace/m2-repository/org/seleniumhq/selenium/selenium-java/3.13.0/selenium-java-3.13.0.jar:/workspace/m2-repository/org/seleniumhq/selenium/selenium-api/3.13.0/selenium-api-3.13.0.jar:/workspace/m2-repository/org/seleniumhq/selenium/selenium-chrome-driver/3.13.0/selenium-chrome-driver-3.13.0.jar:/workspace/m2-repository/org/seleniumhq/selenium/selenium-edge-driver/3.13.0/selenium-edge-driver-3.13.0.jar:/workspace/m2-repository/org/seleniumhq/selenium/selenium-firefox-driver/3.13.0/selenium-firefox-driver-3.13.0.jar:/workspace/m2-repository/org/seleniumhq/selenium/selenium-ie-driver/3.13.0/selenium-ie-driver-3.13.0.jar:/workspace/m2-repository/org/seleniumhq/selenium/selenium-opera-driver/3.13.0/selenium-opera-driver-3.13.0.jar:/workspace/m2-repository/org/seleniumhq/selenium/selenium-remote-driver/3.13.0/selenium-remote-driver-3.13.0.jar:/workspace/m2-repository/org/seleniumhq/selenium/selenium-safari-driver/3.13.0/selenium-safari-driver-3.13.0.jar:/workspace/m2-repository/org/seleniumhq/selenium/selenium-support/3.13.0/selenium-support-3.13.0.jar:/workspace/m2-repository/net/bytebuddy/byte-buddy/1.8.3/byte-buddy-1.8.3.jar:/workspace/m2-repository/org/apache/commons/commons-exec/1.3/commons-exec-1.3.jar:/workspace/m2-repository/commons-codec/commons-codec/1.10/commons-codec-1.10.jar:/workspace/m2-repository/commons-logging/commons-logging/1.2/commons-logging-1.2.jar:/workspace/m2-repository/com/google/code/gson/gson/2.8.4/gson-2.8.4.jar:/workspace/m2-repository/com/google/guava/guava/25.0-jre/guava-25.0-jre.jar:/workspace/m2-repository/com/google/code/findbugs/jsr305/1.3.9/jsr305-1.3.9.jar:/workspace/m2-repository/org/checkerframework/checker-compat-qual/2.0.0/checker-compat-qual-2.0.0.jar:/workspace/m2-repository/com/google/errorprone/error_prone_annotations/2.1.3/error_prone_annotations-2.1.3.jar:/workspace/m2-repository/com/google/j2objc/j2objc-annotations/1.1/j2objc-annotations-1.1.jar:/workspace/m2-repository/org/codehaus/mojo/animal-sniffer-annotations/1.14/animal-sniffer-annotations-1.14.jar:/workspace/m2-repository/org/apache/httpcomponents/httpclient/4.5.5/httpclient-4.5.5.jar:/workspace/m2-repository/org/apache/httpcomponents/httpcore/4.4.9/httpcore-4.4.9.jar:/workspace/m2-repository/com/squareup/okhttp3/okhttp/3.10.0/okhttp-3.10.0.jar:/workspace/m2-repository/com/squareup/okio/okio/1.14.1/okio-1.14.1.jar:/workspace/m2-repository/org/testng/testng/6.14.3/testng-6.14.3.jar:/workspace/m2-repository/com/beust/jcommander/1.72/jcommander-1.72.jar:/workspace/m2-repository/org/apache-extras/beanshell/bsh/2.0b6/bsh-2.0b6.jar:/workspace/m2-repository/org/apache/maven/surefire/surefire-testng-utils/2.21.0/surefire-testng-utils-2.21.0.jar:/workspace/m2-repository/org/apache/maven/surefire/surefire-grouper/2.21.0/surefire-grouper-2.21.0.jar:"/>
    <property name="java.vm.vendor" value="Azul Systems, Inc."/>
    <property name="sun.arch.data.model" value="64"/>
    <property name="java.vendor.url" value="http://www.azul.com/"/>
    <property name="user.timezone" value=""/>
    <property name="java.vm.specification.version" value="11"/>
    <property name="os.name" value="Linux"/>
    <property name="sun.java.launcher" value="SUN_STANDARD"/>
    <property name="user.country" value="US"/>
    <property name="sun.boot.library.path" value="/home/gitpod/.sdkman/candidates/java/11.0.15.fx-zulu/lib"/>
    <property name="sun.java.command" value="/workspace/Selenium-Advanced/target/surefire/surefirebooter11860544284905220597.jar /workspace/Selenium-Advanced/target/surefire 2022-08-04T17-09-58_323-jvmRun1 surefire6761867804644977306tmp surefire_06946020894830880465tmp"/>
    <property name="jdk.debug" value="release"/>
    <property name="surefire.test.class.path" value="/workspace/Selenium-Advanced/target/test-classes:/workspace/Selenium-Advanced/target/classes:/workspace/m2-repository/org/seleniumhq/selenium/selenium-java/3.13.0/selenium-java-3.13.0.jar:/workspace/m2-repository/org/seleniumhq/selenium/selenium-api/3.13.0/selenium-api-3.13.0.jar:/workspace/m2-repository/org/seleniumhq/selenium/selenium-chrome-driver/3.13.0/selenium-chrome-driver-3.13.0.jar:/workspace/m2-repository/org/seleniumhq/selenium/selenium-edge-driver/3.13.0/selenium-edge-driver-3.13.0.jar:/workspace/m2-repository/org/seleniumhq/selenium/selenium-firefox-driver/3.13.0/selenium-firefox-driver-3.13.0.jar:/workspace/m2-repository/org/seleniumhq/selenium/selenium-ie-driver/3.13.0/selenium-ie-driver-3.13.0.jar:/workspace/m2-repository/org/seleniumhq/selenium/selenium-opera-driver/3.13.0/selenium-opera-driver-3.13.0.jar:/workspace/m2-repository/org/seleniumhq/selenium/selenium-remote-driver/3.13.0/selenium-remote-driver-3.13.0.jar:/workspace/m2-repository/org/seleniumhq/selenium/selenium-safari-driver/3.13.0/selenium-safari-driver-3.13.0.jar:/workspace/m2-repository/org/seleniumhq/selenium/selenium-support/3.13.0/selenium-support-3.13.0.jar:/workspace/m2-repository/net/bytebuddy/byte-buddy/1.8.3/byte-buddy-1.8.3.jar:/workspace/m2-repository/org/apache/commons/commons-exec/1.3/commons-exec-1.3.jar:/workspace/m2-repository/commons-codec/commons-codec/1.10/commons-codec-1.10.jar:/workspace/m2-repository/commons-logging/commons-logging/1.2/commons-logging-1.2.jar:/workspace/m2-repository/com/google/code/gson/gson/2.8.4/gson-2.8.4.jar:/workspace/m2-repository/com/google/guava/guava/25.0-jre/guava-25.0-jre.jar:/workspace/m2-repository/com/google/code/findbugs/jsr305/1.3.9/jsr305-1.3.9.jar:/workspace/m2-repository/org/checkerframework/checker-compat-qual/2.0.0/checker-compat-qual-2.0.0.jar:/workspace/m2-repository/com/google/errorprone/error_prone_annotations/2.1.3/error_prone_annotations-2.1.3.jar:/workspace/m2-repository/com/google/j2objc/j2objc-annotations/1.1/j2objc-annotations-1.1.jar:/workspace/m2-repository/org/codehaus/mojo/animal-sniffer-annotations/1.14/animal-sniffer-annotations-1.14.jar:/workspace/m2-repository/org/apache/httpcomponents/httpclient/4.5.5/httpclient-4.5.5.jar:/workspace/m2-repository/org/apache/httpcomponents/httpcore/4.4.9/httpcore-4.4.9.jar:/workspace/m2-repository/com/squareup/okhttp3/okhttp/3.10.0/okhttp-3.10.0.jar:/workspace/m2-repository/com/squareup/okio/okio/1.14.1/okio-1.14.1.jar:/workspace/m2-repository/org/testng/testng/6.14.3/testng-6.14.3.jar:/workspace/m2-repository/com/beust/jcommander/1.72/jcommander-1.72.jar:/workspace/m2-repository/org/apache-extras/beanshell/bsh/2.0b6/bsh-2.0b6.jar:/workspace/m2-repository/org/apache/maven/surefire/surefire-testng-utils/2.21.0/surefire-testng-utils-2.21.0.jar:/workspace/m2-repository/org/apache/maven/surefire/surefire-grouper/2.21.0/surefire-grouper-2.21.0.jar:"/>
    <property name="sun.cpu.endian" value="little"/>
    <property name="user.home" value="/home/gitpod"/>
    <property name="user.language" value="en"/>
    <property name="java.specification.vendor" value="Oracle Corporation"/>
    <property name="java.version.date" value="2022-04-19"/>
    <property name="java.home" value="/home/gitpod/.sdkman/candidates/java/11.0.15.fx-zulu"/>
    <property name="file.separator" value="/"/>
    <property name="basedir" value="/workspace/Selenium-Advanced"/>
    <property name="java.vm.compressedOopsMode" value="Zero based"/>
    <property name="line.separator" value="&#10;"/>
    <property name="java.specification.name" value="Java Platform API Specification"/>
    <property name="java.vm.specification.vendor" value="Oracle Corporation"/>
    <property name="jdk.vendor.version" value="Zulu11.56+19-CA"/>
    <property name="java.awt.graphicsenv" value="sun.awt.X11GraphicsEnvironment"/>
    <property name="surefire.real.class.path" value="/workspace/Selenium-Advanced/target/surefire/surefirebooter11860544284905220597.jar"/>
    <property name="sun.management.compiler" value="HotSpot 64-Bit Tiered Compilers"/>
    <property name="java.runtime.version" value="11.0.15+10-LTS"/>
    <property name="user.name" value="gitpod"/>
    <property name="path.separator" value=":"/>
    <property name="os.version" value="5.15.0-43-generic"/>
    <property name="java.runtime.name" value="OpenJDK Runtime Environment"/>
    <property name="file.encoding" value="UTF-8"/>
    <property name="java.vm.name" value="OpenJDK 64-Bit Server VM"/>
    <property name="skipTests" value="false"/>
    <property name="java.vendor.version" value="Zulu11.56+19-CA"/>
    <property name="localRepository" value="/workspace/m2-repository"/>
    <property name="java.vendor.url.bug" value="http://www.azul.com/support/"/>
    <property name="java.io.tmpdir" value="/tmp"/>
    <property name="java.version" value="11.0.15"/>
    <property name="user.dir" value="/workspace/Selenium-Advanced"/>
    <property name="os.arch" value="amd64"/>
    <property name="java.vm.specification.name" value="Java Virtual Machine Specification"/>
    <property name="java.awt.printerjob" value="sun.print.PSPrinterJob"/>
    <property name="sun.os.patch.level" value="unknown"/>
    <property name="java.library.path" value="/usr/java/packages/lib:/usr/lib64:/lib64:/lib:/usr/lib"/>
    <property name="java.vm.info" value="mixed mode"/>
    <property name="java.vendor" value="Azul Systems, Inc."/>
    <property name="java.vm.version" value="11.0.15+10-LTS"/>
    <property name="sun.io.unicode.encoding" value="UnicodeLittle"/>
    <property name="java.class.version" value="55.0"/>
  </properties>
  <testcase name="testScenarioOne" classname="lambdatest.LambdaTest" time="8.854"/>
  <testcase name="testScenarioOne" classname="lambdatest.LambdaTest" time="12.867"/>
  <testcase name="close" classname="lambdatest.LambdaTest" time="8.882">
    <failure message="Unable to find the session info for particular sessionId af77c506321f90f75cf6b08cb17df80e, maybe session has quit already or timed out.&#10;Build info: version: &apos;3.13.0&apos;, revision: &apos;2f0d292&apos;, time: &apos;2018-06-25T15:24:21.231Z&apos;&#10;System info: host: &apos;sakshinarkh-seleniumadv-mfk3448h1sz&apos;, ip: &apos;127.0.0.1&apos;, os.name: &apos;Linux&apos;, os.arch: &apos;amd64&apos;, os.version: &apos;5.15.0-43-generic&apos;, java.version: &apos;11.0.15&apos;&#10;Driver info: org.openqa.selenium.remote.RemoteWebDriver&#10;Capabilities {acceptInsecureCerts: false, browserName: msedge, browserVersion: 87.0.664.41, javascriptEnabled: true, ms:edgeOptions: {debuggerAddress: localhost:55849}, msedge: {msedgedriverVersion: 87.0.669.0 (9e7154764c4ca8c..., userDataDir: /var/folders/nl/mnqgh0js2xb...}, networkConnectionEnabled: false, pageLoadStrategy: normal, platform: MAC, platformName: MAC, proxy: Proxy(), setWindowRect: true, strictFileInteractability: false, timeouts: {implicit: 0, pageLoad: 300000, script: 30000}, unhandledPromptBehavior: dismiss and notify, webauthn:virtualAuthenticators: true, webdriver.remote.sessionid: af77c506321f90f75cf6b08cb17...}&#10;Session ID: af77c506321f90f75cf6b08cb17df80e" type="org.openqa.selenium.WebDriverException">org.openqa.selenium.WebDriverException: 
Unable to find the session info for particular sessionId af77c506321f90f75cf6b08cb17df80e, maybe session has quit already or timed out.
Build info: version: '3.13.0', revision: '2f0d292', time: '2018-06-25T15:24:21.231Z'
System info: host: 'sakshinarkh-seleniumadv-mfk3448h1sz', ip: '127.0.0.1', os.name: 'Linux', os.arch: 'amd64', os.version: '5.15.0-43-generic', java.version: '11.0.15'
Driver info: org.openqa.selenium.remote.RemoteWebDriver
Capabilities {acceptInsecureCerts: false, browserName: msedge, browserVersion: 87.0.664.41, javascriptEnabled: true, ms:edgeOptions: {debuggerAddress: localhost:55849}, msedge: {msedgedriverVersion: 87.0.669.0 (9e7154764c4ca8c..., userDataDir: /var/folders/nl/mnqgh0js2xb...}, networkConnectionEnabled: false, pageLoadStrategy: normal, platform: MAC, platformName: MAC, proxy: Proxy(), setWindowRect: true, strictFileInteractability: false, timeouts: {implicit: 0, pageLoad: 300000, script: 30000}, unhandledPromptBehavior: dismiss and notify, webauthn:virtualAuthenticators: true, webdriver.remote.sessionid: af77c506321f90f75cf6b08cb17...}
Session ID: af77c506321f90f75cf6b08cb17df80e
	at lambdatest.LambdaTest.close(LambdaTest.java:168)
</failure>
  </testcase>
  <testcase name="close" classname="lambdatest.LambdaTest" time="12.889">
    <failure message="Unable to find the session info for particular sessionId 05f716f7d50594fb9fef4c5249107c00, maybe session has quit already or timed out.&#10;Build info: version: &apos;3.13.0&apos;, revision: &apos;2f0d292&apos;, time: &apos;2018-06-25T15:24:21.231Z&apos;&#10;System info: host: &apos;sakshinarkh-seleniumadv-mfk3448h1sz&apos;, ip: &apos;127.0.0.1&apos;, os.name: &apos;Linux&apos;, os.arch: &apos;amd64&apos;, os.version: &apos;5.15.0-43-generic&apos;, java.version: &apos;11.0.15&apos;&#10;Driver info: org.openqa.selenium.remote.RemoteWebDriver&#10;Capabilities {acceptInsecureCerts: false, browserName: chrome, browserVersion: 86.0.4240.30, chrome: {chromedriverVersion: 86.0.4240.22 (398b0743353ff..., userDataDir: C:\Users\ltuser\AppData\Loc...}, goog:chromeOptions: {debuggerAddress: localhost:55412}, javascriptEnabled: true, networkConnectionEnabled: false, pageLoadStrategy: normal, platform: WINDOWS, platformName: WINDOWS, proxy: Proxy(), setWindowRect: true, strictFileInteractability: false, timeouts: {implicit: 0, pageLoad: 300000, script: 30000}, unhandledPromptBehavior: dismiss and notify, webauthn:virtualAuthenticators: true, webdriver.remote.sessionid: 05f716f7d50594fb9fef4c52491...}&#10;Session ID: 05f716f7d50594fb9fef4c5249107c00" type="org.openqa.selenium.WebDriverException">org.openqa.selenium.WebDriverException: 
Unable to find the session info for particular sessionId 05f716f7d50594fb9fef4c5249107c00, maybe session has quit already or timed out.
Build info: version: '3.13.0', revision: '2f0d292', time: '2018-06-25T15:24:21.231Z'
System info: host: 'sakshinarkh-seleniumadv-mfk3448h1sz', ip: '127.0.0.1', os.name: 'Linux', os.arch: 'amd64', os.version: '5.15.0-43-generic', java.version: '11.0.15'
Driver info: org.openqa.selenium.remote.RemoteWebDriver
Capabilities {acceptInsecureCerts: false, browserName: chrome, browserVersion: 86.0.4240.30, chrome: {chromedriverVersion: 86.0.4240.22 (398b0743353ff..., userDataDir: C:\Users\ltuser\AppData\Loc...}, goog:chromeOptions: {debuggerAddress: localhost:55412}, javascriptEnabled: true, networkConnectionEnabled: false, pageLoadStrategy: normal, platform: WINDOWS, platformName: WINDOWS, proxy: Proxy(), setWindowRect: true, strictFileInteractability: false, timeouts: {implicit: 0, pageLoad: 300000, script: 30000}, unhandledPromptBehavior: dismiss and notify, webauthn:virtualAuthenticators: true, webdriver.remote.sessionid: 05f716f7d50594fb9fef4c52491...}
Session ID: 05f716f7d50594fb9fef4c5249107c00
	at lambdatest.LambdaTest.close(LambdaTest.java:168)
</failure>
  </testcase>
</testsuite>